----------------------------------------------------------------
Wed Nov 15 16:22:49 IST 2023:
Booting Derby version The Apache Software Foundation - Apache Derby - 10.15.2.0 - (1873585): instance a816c00e-018b-d29c-bc88-00000a2ffb68 
on database directory memory:/Users/nishantuppal/Downloads/target/project/project/candidate-package/microservice/bt with class loader jdk.internal.loader.ClassLoaders$AppClassLoader@5c8da962 
Loaded from file:/Users/nishantuppal/.m2/repository/org/apache/derby/derby/10.15.2.0/derby-10.15.2.0.jar
java.vendor=Eclipse Adoptium
java.runtime.version=11.0.17+8
user.dir=/Users/nishantuppal/Downloads/target/project/project/candidate-package/microservice
os.name=Mac OS X
os.arch=x86_64
os.version=12.6
derby.system.home=null
Database Class Loader started - derby.database.classpath=''
----------------------------------------------------------------
Wed Nov 15 16:22:52 IST 2023:
Shutting down instance a816c00e-018b-d29c-bc88-00000a2ffb68 on database directory memory:/Users/nishantuppal/Downloads/target/project/project/candidate-package/microservice/bt with class loader jdk.internal.loader.ClassLoaders$AppClassLoader@5c8da962 
----------------------------------------------------------------
Wed Nov 15 16:22:53 IST 2023:
Booting Derby version The Apache Software Foundation - Apache Derby - 10.15.2.0 - (1873585): instance 4b390189-018b-d29c-bc88-00000a2ffb68 
on database directory memory:/Users/nishantuppal/Downloads/target/project/project/candidate-package/microservice/bt with class loader jdk.internal.loader.ClassLoaders$AppClassLoader@5c8da962 
Loaded from file:/Users/nishantuppal/.m2/repository/org/apache/derby/derby/10.15.2.0/derby-10.15.2.0.jar
java.vendor=Eclipse Adoptium
java.runtime.version=11.0.17+8
user.dir=/Users/nishantuppal/Downloads/target/project/project/candidate-package/microservice
os.name=Mac OS X
os.arch=x86_64
os.version=12.6
derby.system.home=null
Database Class Loader started - derby.database.classpath=''
